<?xml version="1.0" encoding="UTF-8"?>
<!-- Generated by org.testng.reporters.JUnitReportReporter -->
<testsuite skipped="0" hostname="DESKTOP-GL5GRMA" name="com.masteringselenium.BasicIT" tests="2" failures="0" timestamp="2019-12-01T00:54:42 IST" time="44.888" errors="0">
  <testcase name="googleMilkExample" time="21.750" classname="com.masteringselenium.BasicIT"/>
  <testcase name="googleCheeseExample" time="23.138" classname="com.masteringselenium.BasicIT"/>
</testsuite> <!-- com.masteringselenium.BasicIT -->
