<?xml version="1.0" encoding="UTF-8"?>
<!-- Generated by org.testng.reporters.JUnitReportReporter -->
<testsuite skipped="0" hostname="DESKTOP-GL5GRMA" name="com.masteringselenium.BasicTest" tests="2" failures="0" timestamp="2019-12-01T00:54:14 IST" time="0.013" errors="0">
  <testcase name="googleMilkExample" time="0.002" classname="com.masteringselenium.BasicTest"/>
  <testcase name="googleCheeseExample" time="0.011" classname="com.masteringselenium.BasicTest"/>
</testsuite> <!-- com.masteringselenium.BasicTest -->
