<?xml version="1.0" encoding="UTF-8"?>
<!-- Generated by org.testng.reporters.JUnitReportReporter -->
<testsuite skipped="0" hostname="DESKTOP-GL5GRMA" name="com.masteringselenium.BasicTest" tests="2" failures="0" timestamp="2019-11-30T14:08:36 IST" time="0.010" errors="0">
  <testcase name="googleMilkExample" time="0.002" classname="com.masteringselenium.BasicTest"/>
  <testcase name="googleCheeseExample" time="0.008" classname="com.masteringselenium.BasicTest"/>
</testsuite> <!-- com.masteringselenium.BasicTest -->
